
> my-app@1.0.0 build-storybook
> storybook build --output-dir=/var/folders/h2/9r3lhfrj5h1db6ww82qdgvhr0000gn/T/chromatic--43191-Z9UDDj8rPsaq

storybook v9.1.5

info => Cleaning outputDir: ../../../var/folders/h2/9r3lhfrj5h1db6ww82qdgvhr0000gn/T/chromatic--43191-Z9UDDj8rPsaq
info => Loading presets
info => Building manager..
info => Building preview..
vite v7.1.5 building for production...
transforming...
✓ 73 modules transformed.
rendering chunks...
../../../var/folders/h2/9r3lhfrj5h1db6ww82qdgvhr0000gn/T/chromatic--43191-Z9UDDj8rPsaq/iframe.html                              18.10 kB
../../../var/folders/h2/9r3lhfrj5h1db6ww82qdgvhr0000gn/T/chromatic--43191-Z9UDDj8rPsaq/assets/Header-Ck-SSN7O.css                0.51 kB
../../../var/folders/h2/9r3lhfrj5h1db6ww82qdgvhr0000gn/T/chromatic--43191-Z9UDDj8rPsaq/assets/Button-B2efaGtC.css                0.52 kB
../../../var/folders/h2/9r3lhfrj5h1db6ww82qdgvhr0000gn/T/chromatic--43191-Z9UDDj8rPsaq/assets/Page-CeeQJVdd.css                  0.91 kB
../../../var/folders/h2/9r3lhfrj5h1db6ww82qdgvhr0000gn/T/chromatic--43191-Z9UDDj8rPsaq/assets/Header.stories-CmpRcYIE.js         0.76 kB
../../../var/folders/h2/9r3lhfrj5h1db6ww82qdgvhr0000gn/T/chromatic--43191-Z9UDDj8rPsaq/assets/preload-helper-D9Z9MdNV.js         1.23 kB
../../../var/folders/h2/9r3lhfrj5h1db6ww82qdgvhr0000gn/T/chromatic--43191-Z9UDDj8rPsaq/assets/Header-3-_tB1yc.js                 1.34 kB
../../../var/folders/h2/9r3lhfrj5h1db6ww82qdgvhr0000gn/T/chromatic--43191-Z9UDDj8rPsaq/assets/Button-BfpKWeYZ.js                 1.37 kB
../../../var/folders/h2/9r3lhfrj5h1db6ww82qdgvhr0000gn/T/chromatic--43191-Z9UDDj8rPsaq/assets/Button.stories-D-7NbA7L.js         3.02 kB
../../../var/folders/h2/9r3lhfrj5h1db6ww82qdgvhr0000gn/T/chromatic--43191-Z9UDDj8rPsaq/assets/Page.stories-DFXpM__c.js           3.43 kB
../../../var/folders/h2/9r3lhfrj5h1db6ww82qdgvhr0000gn/T/chromatic--43191-Z9UDDj8rPsaq/vite-inject-mocker-entry.js              28.76 kB
../../../var/folders/h2/9r3lhfrj5h1db6ww82qdgvhr0000gn/T/chromatic--43191-Z9UDDj8rPsaq/assets/matchers-7Z3WT2CE-CcSi9QFY.js     29.66 kB
../../../var/folders/h2/9r3lhfrj5h1db6ww82qdgvhr0000gn/T/chromatic--43191-Z9UDDj8rPsaq/assets/react-18-Dg12hcM0.js             178.44 kB
../../../var/folders/h2/9r3lhfrj5h1db6ww82qdgvhr0000gn/T/chromatic--43191-Z9UDDj8rPsaq/assets/axe-cjOkTadN.js                  572.29 kB
../../../var/folders/h2/9r3lhfrj5h1db6ww82qdgvhr0000gn/T/chromatic--43191-Z9UDDj8rPsaq/assets/iframe-D4CPUyUK.js             1,230.58 kB
✓ built in 1.72s
info => Output directory: /var/folders/h2/9r3lhfrj5h1db6ww82qdgvhr0000gn/T/chromatic--43191-Z9UDDj8rPsaq
